proguard/seeds.txt
com.baidu.kx.MainActivity
com.baidu.kx.MainActivity: MainActivity()
com.baidu.kx.R$color: int transparent_background
com.baidu.kx.R$dimen: int activity_horizontal_margin
com.baidu.kx.R$dimen: int activity_vertical_margin
com.baidu.kx.R$drawable: int icon_2
com.baidu.kx.R$layout: int activity_main
com.baidu.kx.R$string: int app_name
com.baidu.kx.R$style: int AppBaseTheme
com.baidu.kx.R$style: int AppTheme
com.baidu.kx.R$style: int MyTransparent
com.baidu.kx.R$xml: int device_admin
...
javax.activation.DataContentHandlerFactory
javax.activation.DataContentHandlerFactory: javax.activation.DataContentHandler createDataContentHandler(java.lang.String)
javax.activation.DataHandler
javax.activation.DataHandler: javax.activation.DataSource dataSource
javax.activation.DataHandler: javax.activation.DataSource objDataSource
javax.activation.DataHandler: java.lang.Object object
javax.activation.DataHandler: java.lang.String objectMimeType
javax.activation.DataHandler: javax.activation.CommandMap currentCommandMap
javax.activation.DataHandler: myjava.awt.datatransfer.DataFlavor[] emptyFlavors
javax.activation.DataHandler: myjava.awt.datatransfer.DataFlavor[] transferFlavors
javax.activation.DataHandler: javax.activation.DataContentHandler dataContentHandler
javax.activation.DataHandler: javax.activation.DataContentHandler factoryDCH
javax.activation.DataHandler: javax.activation.DataContentHandlerFactory factory
javax.activation.DataHandler: javax.activation.DataContentHandlerFactory oldFactory
javax.activation.DataHandler: java.lang.String shortType
javax.activation.DataHandler: void <clinit>()
javax.activation.DataHandler: DataHandler(javax.activation.DataSource)
javax.activation.DataHandler: DataHandler(java.lang.Object,java.lang.String)
javax.activation.DataHandler: DataHandler(java.net.URL)
javax.activation.DataHandler: javax.activation.CommandMap getCommandMap()
javax.activation.DataHandler: javax.activation.DataSource getDataSource()
javax.activation.DataHandler: java.lang.String getName()
javax.activation.DataHandler: java.lang.String getContentType()
javax.activation.DataHandler: java.io.InputStream getInputStream()
javax.activation.DataHandler$1
javax.activation.DataHandler$1: javax.activation.DataHandler this$0
javax.activation.DataHandler$1: java.io.PipedOutputStream val$pos
javax.activation.DataHandler$1: javax.activation.DataContentHandler val$fdch
javax.activation.DataHandler$1: DataHandler$1(javax.activation.DataHandler,java.io.PipedOutputStream,javax.activation.DataContentHandler)
javax.activation.DataHandler$1: void run()
javax.activation.DataHandlerDataSource
javax.activation.DataHandlerDataSource: javax.activation.DataHandler dataHandler
javax.activation.DataHandlerDataSource: DataHandlerDataSource(javax.activation.DataHandler)
javax.activation.DataHandlerDataSource: java.io.InputStream getInputStream()
javax.activation.DataHandlerDataSource: java.io.OutputStream getOutputStream()
javax.activation.DataHandlerDataSource: java.lang.String getContentType()
javax.activation.DataHandlerDataSource: java.lang.String getName()
javax.activation.DataSource
javax.activation.DataSource: java.io.InputStream getInputStream()
javax.activation.DataSource: java.io.OutputStream getOutputStream()
javax.activation.DataSource: java.lang.String getContentType()
javax.activation.DataSource: java.lang.String getName()
javax.activation.DataSourceDataContentHandler
javax.activation.DataSourceDataContentHandler: javax.activation.DataSource ds
javax.activation.DataSourceDataContentHandler: myjava.awt.datatransfer.DataFlavor[] transferFlavors
javax.activation.DataSourceDataContentHandler: javax.activation.DataContentHandler dch
javax.activation.DataSourceDataContentHandler: DataSourceDataContentHandler(javax.activation.DataContentHandler,javax.activation.DataSource)
javax.activation.DataSourceDataContentHandler: myjava.awt.datatransfer.DataFlavor[] getTransferDataFlavors()
javax.activation.DataSourceDataContentHandler: java.lang.Object getTransferData(myjava.awt.datatransfer.DataFlavor,javax.activation.DataSource)
javax.activation.DataSourceDataContentHandler: java.lang.Object getContent(javax.activation.DataSource)
javax.activation.DataSourceDataContentHandler: void writeTo(java.lang.Object,java.lang.String,java.io.OutputStream)