proguard/mapping.txt
com.baidu.kx.MainActivity -> com.baidu.kx.MainActivity:
    void onCreate(android.os.Bundle) -> onCreate
    void policy() -> a
...
javax.mail.Session$5 -> javax.mail.Session$5:
    java.lang.ClassLoader val$cl -> val$cl
    java.lang.String val$name -> val$name
    java.lang.Object run() -> run
javax.mail.Session$6 -> javax.mail.Session$6:
    java.lang.String val$name -> val$name
    java.lang.Object run() -> run
javax.mail.Session$7 -> javax.mail.Session$7:
    java.net.URL val$url -> val$url
    java.lang.Object run() -> run
javax.mail.Store -> javax.mail.Store:
    java.util.Vector storeListeners -> storeListeners
    java.util.Vector folderListeners -> folderListeners
    javax.mail.Folder getDefaultFolder() -> getDefaultFolder
    javax.mail.Folder getFolder(java.lang.String) -> getFolder
    javax.mail.Folder getFolder(javax.mail.URLName) -> getFolder
    javax.mail.Folder[] getPersonalNamespaces() -> getPersonalNamespaces
    javax.mail.Folder[] getUserNamespaces(java.lang.String) -> getUserNamespaces
    javax.mail.Folder[] getSharedNamespaces() -> getSharedNamespaces
    void addStoreListener(javax.mail.event.StoreListener) -> addStoreListener
    void removeStoreListener(javax.mail.event.StoreListener) -> removeStoreListener
    void notifyStoreListeners(int,java.lang.String) -> notifyStoreListeners
    void addFolderListener(javax.mail.event.FolderListener) -> addFolderListener
    void removeFolderListener(javax.mail.event.FolderListener) -> removeFolderListener
    void notifyFolderListeners(int,javax.mail.Folder) -> notifyFolderListeners
    void notifyFolderRenamedListeners(javax.mail.Folder,javax.mail.Folder) -> notifyFolderRenamedListeners
javax.mail.StoreClosedException -> javax.mail.StoreClosedException:
    javax.mail.Store store -> store
    long serialVersionUID -> serialVersionUID
    javax.mail.Store getStore() -> getStore
javax.mail.StreamLoader -> javax.mail.StreamLoader:
    void load(java.io.InputStream) -> load
javax.mail.Transport -> javax.mail.Transport:
    java.util.Vector transportListeners -> transportListeners
    void send(javax.mail.Message) -> send
    void send(javax.mail.Message,javax.mail.Address[]) -> send
    void send0(javax.mail.Message,javax.mail.Address[]) -> send0
    void sendMessage(javax.mail.Message,javax.mail.Address[]) -> sendMessage
    void addTransportListener(javax.mail.event.TransportListener) -> addTransportListener
    void removeTransportListener(javax.mail.event.TransportListener) -> removeTransportListener
    void notifyTransportListeners(int,javax.mail.Address[],javax.mail.Address[],javax.mail.Address[],javax.mail.Message) -> notifyTransportListeners
javax.mail.UIDFolder -> javax.mail.UIDFolder:
    long LASTUID -> LASTUID
    long getUIDValidity() -> getUIDValidity
    javax.mail.Message getMessageByUID(long) -> getMessageByUID
    javax.mail.Message[] getMessagesByUID(long,long) -> getMessagesByUID
    javax.mail.Message[] getMessagesByUID(long[]) -> getMessagesByUID
    long getUID(javax.mail.Message) -> getUID
javax.mail.UIDFolder$FetchProfileItem -> javax.mail.UIDFolder$FetchProfileItem:
    javax.mail.UIDFolder$FetchProfileItem UID -> UID